INFO:sim:172 - Generating IP...
Applying current project options...
Finished applying current project options.
Resolving generics for 'clk_wiz_v3_6_0'...
WARNING:sim - A core named 'clk_wiz_v3_6_0' already exists in the project.
   Output products for this core may be overwritten.
Applying external generics to 'clk_wiz_v3_6_0'...
Delivering associated files for 'clk_wiz_v3_6_0'...
WARNING:sim - Component clk_wiz_v3_6 does not have a valid model name for
   Verilog synthesis
Delivering EJava files for 'clk_wiz_v3_6_0'...
Delivered 3 files into directory
C:/Xilinx/myProjects/VideoProc/VideoProc.srcs/sources_1/ip/clk_wiz_v3_6_0/tmp/_c
g/clk_wiz_v3_6_0
Delivered 1 file into directory
C:/Xilinx/myProjects/VideoProc/VideoProc.srcs/sources_1/ip/clk_wiz_v3_6_0/tmp/_c
g/clk_wiz_v3_6_0
Generating ASY schematic symbol...
Loading device for application Rf_Device from file '6slx9.nph' in environment
C:\Xilinx\14.7\ISE_DS\ISE\.
INFO:sim:949 - Finished generation of ASY schematic symbol.
Generating ISE project...
XCO file found: clk_wiz_v3_6_0.xco
XMDF file found: clk_wiz_v3_6_0_xmdf.tcl
Adding
C:/Xilinx/myProjects/VideoProc/VideoProc.srcs/sources_1/ip/clk_wiz_v3_6_0/tmp/_c
g/clk_wiz_v3_6_0.asy -view all -origin_type imported
Adding
C:/Xilinx/myProjects/VideoProc/VideoProc.srcs/sources_1/ip/clk_wiz_v3_6_0/tmp/_c
g/clk_wiz_v3_6_0.ucf -view all -origin_type created
Adding
C:/Xilinx/myProjects/VideoProc/VideoProc.srcs/sources_1/ip/clk_wiz_v3_6_0/tmp/_c
g/clk_wiz_v3_6_0.v -view all -origin_type created
INFO:HDLCompiler:1845 - Analyzing Verilog file
   "C:/Xilinx/myProjects/VideoProc/VideoProc.srcs/sources_1/ip/clk_wiz_v3_6_0/tm
   p/_cg/clk_wiz_v3_6_0.v" into library work
INFO:ProjectMgmt - Parsing design hierarchy completed successfully.
Adding
C:/Xilinx/myProjects/VideoProc/VideoProc.srcs/sources_1/ip/clk_wiz_v3_6_0/tmp/_c
g/clk_wiz_v3_6_0.veo -view all -origin_type imported
INFO:TclTasksC:2116 - The automatic calculation of top has been turned-off.
   Please set the new top explicitly by running the "project set top" command.
   To re-calculate the new top automatically, set the "Auto Implementation Top"
   property to true.
Top level has been set to "/clk_wiz_v3_6_0"
Generating README file...
Generating FLIST file...
INFO:sim:948 - Finished FLIST file generation.
Moving files to output directory...
Finished moving files to output directory
Wrote CGP file for project 'coregen'.
