INFO:sim:172 - Generating IP...
Applying current project options...
Finished applying current project options.
Resolving generics for 'microblaze_mcs_v1_4_0'...
WARNING:sim - Verilog simulation file type 'Behavioral' is not valid for this
   core. Overriding with simulation file type 'Structural'.
WARNING:sim - A core named 'microblaze_mcs_v1_4_0' already exists in the
   project. Output products for this core may be overwritten.
Applying external generics to 'microblaze_mcs_v1_4_0'...
Delivering associated files for 'microblaze_mcs_v1_4_0'...
Generating implementation netlist for 'microblaze_mcs_v1_4_0'...
INFO:sim - Pre-processing HDL files for 'microblaze_mcs_v1_4_0'...
Running synthesis for 'microblaze_mcs_v1_4_0'
Running ngcbuild...
Delivered 3 files into directory
C:/Xilinx/myProjects/VideoProc/VideoProc.srcs/sources_1/ip/microblaze_mcs_v1_4_0
/tmp/_cg/microblaze_mcs_v1_4_0
INFO:sim - Running microblaze_mcs_gen_script.tcl
INFO:sim - Please source the "microblaze_mcs_setup.tcl" script in the Tcl
   Console to complete MicroBlaze MCS core generation
Writing VEO instantiation template for 'microblaze_mcs_v1_4_0'...
WARNING:sim - Verilog simulation file type 'Behavioral' is not valid for this
   core. Overriding with simulation file type 'Structural'.
Writing Verilog structural simulation model for 'microblaze_mcs_v1_4_0'...
WARNING:sim - Verilog simulation file type 'Behavioral' is not valid for this
   core. Overriding with simulation file type 'Structural'.
INFO:sim - Running microblaze_mcs_sim_script.tcl
INFO:sim - C_MICROBLAZE_INSTANCE = microblaze_mcs_v1_4_0
INFO:sim - Netlist filename = ./_cg/microblaze_mcs_v1_4_0.v
INFO:sim - Setting INIT_FILE = "microblaze_mcs_v1_4_0.lmb_bram_7.mem" for BRAM 7
INFO:sim - Setting INIT_FILE = "microblaze_mcs_v1_4_0.lmb_bram_6.mem" for BRAM 6
INFO:sim - Setting INIT_FILE = "microblaze_mcs_v1_4_0.lmb_bram_5.mem" for BRAM 5
INFO:sim - Setting INIT_FILE = "microblaze_mcs_v1_4_0.lmb_bram_4.mem" for BRAM 4
INFO:sim - Setting INIT_FILE = "microblaze_mcs_v1_4_0.lmb_bram_3.mem" for BRAM 3
INFO:sim - Setting INIT_FILE = "microblaze_mcs_v1_4_0.lmb_bram_2.mem" for BRAM 2
INFO:sim - Setting INIT_FILE = "microblaze_mcs_v1_4_0.lmb_bram_1.mem" for BRAM 1
INFO:sim - Setting INIT_FILE = "microblaze_mcs_v1_4_0.lmb_bram_0.mem" for BRAM 0
Generating ASY schematic symbol...
INFO:sim:949 - Finished generation of ASY schematic symbol.
Generating ISE project file for 'microblaze_mcs_v1_4_0'...
Generating README file...
Generating FLIST file...
INFO:sim:948 - Finished FLIST file generation.
Moving files to output directory...
Finished moving files to output directory
Wrote CGP file for project 'coregen'.
